<?xml version="1.0" encoding="UTF-8"?>
<!-- Generated by org.testng.reporters.JUnitReportReporter -->
<testsuite hostname="DESKTOP-5QGV7PI" failures="0" tests="1" name="dws_testcases.TC_003_Search" time="7.718" errors="0" timestamp="2022-12-13T17:37:22 IST" skipped="0">
  <testcase classname="dws_testcases.TC_003_Search" name="search" time="7.718"/>
  <system-out/>
</testsuite> <!-- dws_testcases.TC_003_Search -->
