<?xml version="1.0" encoding="UTF-8"?>
<!-- Generated by org.testng.reporters.JUnitReportReporter -->
<testsuite hostname="DESKTOP-5QGV7PI" failures="0" tests="1" name="Cars_Test.Mahindra_Test" time="19.954" errors="0" timestamp="2022-12-12T14:37:59 IST" skipped="0">
  <testcase classname="Cars_Test.Mahindra_Test" name="mahindra" time="19.954"/>
  <system-out/>
</testsuite> <!-- Cars_Test.Mahindra_Test -->
