<?xml version="1.0" encoding="UTF-8"?>
<!-- Generated by org.testng.reporters.JUnitReportReporter -->
<testsuite hostname="DESKTOP-5QGV7PI" failures="0" tests="1" name="Cars_Test.Hyundai_Test" time="14.792" errors="0" timestamp="2022-12-12T14:37:59 IST" skipped="0">
  <testcase classname="Cars_Test.Hyundai_Test" name="hyundai_test" time="14.792"/>
  <system-out/>
</testsuite> <!-- Cars_Test.Hyundai_Test -->
